<?xml version="1.0" encoding="UTF-8"?>
<!-- Generated by org.testng.reporters.JUnitXMLReporter -->
<testsuite ignored="0" hostname="NITHIN" failures="0" tests="4" name="ParaBankTests" time="45.115" errors="0" timestamp="2026-06-15T21:49:41 IST">
  <testcase classname="testcases.RegisterTest" name="verifyRegistrationAndLogin" time="8.09"/>
  <testcase classname="testcases.TransferFundsTest" name="verifyTransferFunds" time="11.803"/>
  <testcase classname="testcases.BillPayTest" name="verifyBillPayment" time="9.307"/>
  <testcase classname="testcases.DemoTest" name="test" time="0.002"/>
</testsuite> <!-- ParaBankTests -->
