<?xml version="1.0" encoding="UTF-8"?>
<!-- Generated by org.testng.reporters.JUnitXMLReporter -->
<testsuite ignored="0" hostname="NITHIN" failures="0" tests="4" name="Default test" time="39.632" errors="0" timestamp="2026-06-11T13:17:40 IST">
  <testcase classname="testcases.RegisterTest" name="verifyRegistrationAndLogin" time="6.978"/>
  <testcase classname="testcases.DemoTest" name="test" time="0.005"/>
  <testcase classname="testcases.TransferFundsTest" name="verifyTransferFunds" time="11.277"/>
  <testcase classname="testcases.BillPayTest" name="verifyBillPayment" time="8.52"/>
</testsuite> <!-- Default test -->
